<?xml version="1.0" encoding="UTF-8"?>
<!-- Generated by org.testng.reporters.JUnitReportReporter -->
<testsuite hostname="DESKTOP-MT1FCIP" failures="0" tests="7" name="test.LoginValidation" time="14.373" errors="0" timestamp="2024-04-10T11:44:17 EDT" skipped="0">
  <testcase classname="test.LoginValidation" name="InvalidUsernameInvalidPasswordTest" time="3.418"/>
  <system-out>
    <![CDATA[username = invalid-dan@gmail.com
password = invalid-newtest1234]]>
  </system-out>
  <testcase classname="test.LoginValidation" name="invalidUsernameValidPasswordTest" time="0.548"/>
  <system-out>
    <![CDATA[username = invalid-dan@gmail.com
password = newtest1234]]>
  </system-out>
  <testcase classname="test.LoginValidation" name="validUsernameValidPasswordTest" time="4.152"/>
  <system-out>
    <![CDATA[username = dan@gmail.com
password = newtest1234]]>
  </system-out>
  <testcase classname="test.LoginValidation" name="BlankUsernameBlankPasswordTest" time="0.973"/>
  <system-out>
    <![CDATA[username = 
password = ]]>
  </system-out>
  <testcase classname="test.LoginValidation" name="blankUsernameValidPasswordTest" time="0.501"/>
  <system-out>
    <![CDATA[username = 
password = newtest1234]]>
  </system-out>
  <testcase classname="test.LoginValidation" name="validUsernameInvalidPasswordTest" time="0.542"/>
  <system-out>
    <![CDATA[username = dan@gmail.com
password = invalid-newtest1234]]>
  </system-out>
  <testcase classname="test.LoginValidation" name="validUsernameBlankPasswordTest" time="4.239"/>
  <system-out>
    <![CDATA[username = dan@gmail.com
password = ]]>
  </system-out>
</testsuite> <!-- test.LoginValidation -->
