<?xml version="1.0" encoding="UTF-8"?>
<!-- Generated by org.testng.reporters.JUnitReportReporter -->
<testsuite hostname="DESKTOP-MT1FCIP" failures="0" tests="2" name="test.BasicValidation" time="0.017" errors="0" timestamp="2024-04-10T11:44:17 EDT" skipped="0">
  <testcase classname="test.BasicValidation" name="titleValidation" time="0.010"/>
  <system-out>
    <![CDATA[Expected Result = Facebook - log in or sign up
Actual Result = Facebook - log in or sign up]]>
  </system-out>
  <testcase classname="test.BasicValidation" name="urlValidation" time="0.007"/>
  <system-out>
    <![CDATA[Expected Result = https://www.facebook.com/
Actual Result = https://www.facebook.com/]]>
  </system-out>
</testsuite> <!-- test.BasicValidation -->
